Copying build/tests/userprog/args-single to scratch partition...
qemu-system-i386 -device isa-debug-exit -hda /tmp/rrXmUebrUz.dsk -m 4 -net none -nographic -monitor null
PiLo hda1
Loading............
Kernel command line: -q -f extract run args-single single
Pintos booting with 3,968 kB RAM...
367 pages available in kernel pool.
367 pages available in user pool.
Calibrating timer...  54,476,800 loops/s.
hda: 5,040 sectors (2 MB), model "QM00001", serial "QEMU HARDDISK"
hda1: 193 sectors (96 kB), Pintos OS kernel (20)
hda2: 4,096 sectors (2 MB), Pintos file system (21)
hda3: 3 sectors (1 kB), Pintos scratch (22)
filesys: using hda2
scratch: using hda3
Formatting file system...done.
Boot complete.
Extracting ustar archive from scratch device into file system...
Putting 'args-single' into the file system...
Erasing ustar archive...
Executing 'args-single':
come in argument=args-single
come int arg2=args-singleload: 'args-single: error loading ELF executable
Execution of 'args-single' complete.
Kernel PANIC at ../../threads/init.c:342 in run_actions(): unknown action `single' (use -h for help)
Call stack: 0xc0027834.
The `backtrace' program can make call stacks useful.
Read "Backtraces" in the "Debugging Tools" chapter
of the Pintos documentation for more information.
Kernel PANIC recursion at ../../devices/timer.c:227 in real_time_sleep().
Interrupt 0x03 (#BP Breakpoint Exception) at eip=0xc010704d
 cr2=ccccccd0 error=00000000
 eax=ffffffff ebx=c010704c ecx=cccccccc edx=c010704c
 esi=c0039660 edi=c0107000 esp=c0039678 ebp=c0039678
 cs=0008 ds=0010 es=0010 ss=9660
Interrupt 0x03 (#BP Breakpoint Exception) at eip=0xc010704d
 cr2=cccccce0 error=00000000
 eax=ffffffff ebx=c010704c ecx=00000780 edx=cccccccc
 esi=0000006d edi=c002e23c esp=0000000a ebp=c000ec10
 cs=0008 ds=0010 es=0010 ss=0005
Interrupt 0x03 (#BP Breakpoint Exception) at eip=0xc010704d
 cr2=ccccccd8 error=00000000
 eax=ffffffff ebx=c010704c ecx=00000780 edx=000003f8
 esi=cccccccc edi=c002e23c esp=00000086 ebp=c000eab4
 cs=0008 ds=0010 es=0010 ss=0096
Interrupt 0x03 (#BP Breakpoint Exception) at eip=0xc010704d
 cr2=ccccccd8 error=00000000
 eax=ffffffff ebx=c010704c ecx=00000780 edx=000003f8
 esi=cccccccc edi=c002e23c esp=c0038188 ebp=c000e968
 cs=0008 ds=0010 es=0010 ss=13eb
Interrupt 0x03 (#BP Breakpoint Exception) at eip=0xc010704d
 cr2=ccccccd8 error=00000000
 eax=ffffffff ebx=c010704c ecx=00000780 edx=000003f8
 esi=cccccccc edi=c002e23c esp=00000097 ebp=c000e81c
 cs=0008 ds=0010 es=0010 ss=13eb
Interrupt 0x03 (#BP Breakpoint Exception) at eip=0xc010704d
 cr2=ccccccd8 error=00000000
 eax=ffffffff ebx=c010704c ecx=00000780 edx=000003f8
 esi=cccccccc edi=c002e23c esp=00000097 ebp=c000e6d0
 cs=0008 ds=0010 es=0010 ss=13eb
Interrupt 0x03 (#BP Breakpoint Exception) at eip=0xc010704d
 cr2=ccccccd8 error=00000000
 eax=ffffffff ebx=c010704c ecx=00000780 edx=000003f8
 esi=cccccccc edi=c002e23c esp=00000097 ebp=c000e584
 cs=0008 ds=0010 es=0010 ss=13eb
Interrupt 0x03 (#BP Breakpoint Exception) at eip=0xc010704d
 cr2=ccccccd8 error=00000000
 eax=ffffffff ebx=c010704c ecx=00000780 edx=000003f8
 esi=cccccccc edi=c002e23c esp=c0038188 ebp=c000e438
 cs=0008 ds=0010 es=0010 ss=13eb
PiLo hda1
Loading............
Kernel command line: -q -f extract run args-single single
Pintos booting with 3,968 kB RAM...
367 pages available in kernel pool.
367 pages available in user pool.
Calibrating timer...  39,270,400 loops/s.
hda: 5,040 sectors (2 MB), model "QM00001", serial "QEMU HARDDISK"
hda1: 193 sectors (96 kB), Pintos OS kernel (20)
hda2: 4,096 sectors (2 MB), Pintos file system (21)
hda3: 3 sectors (1 kB), Pintos scratch (22)
filesys: using hda2
scratch: using hda3
Formatting file system...done.
Boot complete.
Extracting ustar archive from scratch device into file system...
Erasing ustar archive...
Executing 'args-single':
come in argument=args-single
come int arg2=args-singleload: 'args-single': open failed, no such file
Execution of 'args-single' complete.
Kernel PANIC at ../../threads/init.c:342 in run_actions(): unknown action `single' (use -h for help)
Call stack: 0xc0027834.
The `backtrace' program can make call stacks useful.
Read "Backtraces" in the "Debugging Tools" chapter
of the Pintos documentation for more information.
Kernel PANIC recursion at ../../devices/timer.c:227 in real_time_sleep().
Interrupt 0x03 (#BP Breakpoint Exception) at eip=0xc010704d
 cr2=ccccccd0 error=00000000
 eax=ffffffff ebx=c010704c ecx=cccccccc edx=c010704c
 esi=c0039660 edi=c0107000 esp=c0039678 ebp=c0039678
 cs=0008 ds=0010 es=0010 ss=9660
Interrupt 0x03 (#BP Breakpoint Exception) at eip=0xc010704d
 cr2=cccccce0 error=00000000
 eax=ffffffff ebx=c010704c ecx=00000780 edx=cccccccc
 esi=0000006d edi=c002e23c esp=0000000a ebp=c000ec10
 cs=0008 ds=0010 es=0010 ss=0005
Interrupt 0x03 (#BP Breakpoint Exception) at eip=0xc010704d
 cr2=ccccccd8 error=00000000
 eax=ffffffff ebx=c010704c ecx=00000780 edx=000003f8
 esi=cccccccc edi=c002e23c esp=00000086 ebp=c000eab4
 cs=0008 ds=0010 es=0010 ss=0096
Interrupt 0x03 (#BP Breakpoint Exception) at eip=0xc010704d
 cr2=ccccccd8 error=00000000
 eax=ffffffff ebx=c010704c ecx=00000780 edx=000003f8
 esi=cccccccc edi=c002e23c esp=c0038188 ebp=c000e968
 cs=0008 ds=0010 es=0010 ss=13eb
Interrupt 0x03 (#BP Breakpoint Exception) at eip=0xc010704d
 cr2=ccccccd8 error=00000000
 eax=ffffffff ebx=c010704c ecx=00000780 edx=000003f8
 esi=cccccccc edi=c002e23c esp=00000097 ebp=c000e81c
 cs=0008 ds=0010 es=0010 ss=13eb
Interrupt 0x03 (#BP Breakpoint Exception) at eip=0xc010704d
 cr2=ccccccd8 error=00000000
 eax=ffffffff ebx=c010704c ecx=00000780 edx=000003f8
 esi=cccccccc edi=c002e23c esp=00000097 ebp=c000e6d0
 cs=0008 ds=0010 es=0010 ss=13eb
Interrupt 0x03 (#BP Breakpoint Exception) at eip=0xc010704d
 cr2=ccccccd8 error=00000000
 eax=ffffffff ebx=c010704c ecx=00000780 edx=000003f8
 esi=cccccccc edi=c002e23c esp=00000097 ebp=c000e584
 cs=0008 ds=0010 es=0010 ss=13eb
Interrupt 0x03 (#BP Breakpoint Exception) at eip=0xc010704d
 cr2=ccccccd8 error=00000000
 eax=ffffffff ebx=c010704c ecx=00000780 edx=000003f8
 esi=cccccccc edi=c002e23c esp=c0038188 ebp=c000e438
 cs=0008 ds=0010 es=0010 ss=13eb
PiLo hda1
Loading............
Kernel command line: -q -f extract run args-single single
Pintos booting with 3,968 kB RAM...
367 pages available in kernel pool.
367 pages available in user pool.
Calibrating timer...  39,065,600 loops/s.
hda: 5,040 sectors (2 MB), model "QM00001", serial "QEMU HARDDISK"
hda1: 193 sectors (96 kB), Pintos OS kernel (20)
hda2: 4,096 sectors (2 MB), Pintos file system (21)
hda3: 3 sectors (1 kB), Pintos scratch (22)
filesys: using hda2
scratch: using hda3
Formatting file system...done.
Boot complete.
Extracting ustar archive from scratch device into file system...
Erasing ustar archive...
Executing 'args-single':
come in argument=args-single
come int arg2=args-singleload: 'args-single': open failed, no such file
Execution of 'args-single' complete.
Kernel PANIC at ../../threads/init.c:342 in run_actions(): unknown action `single' (use -h for help)
Call stack: 0xc0027834.
The `backtrace' program can make call stacks useful.
Read "Backtraces" in the "Debugging Tools" chapter
of the Pintos documentation for more information.
